Fontconfig warning: "/usr/share/fontconfig/conf.avail/05-reset-dirs-sample.conf", line 6: unknown element "reset-dirs"
(node:116374) UnhandledPromiseRejectionWarning: undefined
(node:116374) UnhandledPromiseRejectionWarning: Unhandled promise rejection. This error originated either by throwing inside of an async function without a catch block, or by rejecting a promise which was not handled with .catch(). (rejection id: 1)
(node:116374) [DEP0018] DeprecationWarning: Unhandled promise rejections are deprecated. In the future, promise rejections that are not handled will terminate the Node.js process with a non-zero exit code.

(teams:116374): libappindicator-WARNING **: 10:00:41.613: Unable to get the session bus: Unknown or unsupported transport “disabled” for address “disabled:”

(teams:116374): LIBDBUSMENU-GLIB-WARNING **: 10:00:41.613: Unable to get session bus: Unknown or unsupported transport “disabled” for address “disabled:”

(teams:116374): IBUS-WARNING **: 10:00:42.283: Unable to connect to ibus: Could not connect: Connection refused
(node:116374) MaxListenersExceededWarning: Possible EventEmitter memory leak detected. 11 appInitialized listeners added. Use emitter.setMaxListeners() to increase limit
(node:116374) UnhandledPromiseRejectionWarning: TypeError: Cannot read property 'logInfoToFile' of undefined
    at EventEmitter.showPreviewInToastsEnabledRequestHandler (/usr/share/teams/resources/app.asar/lib/notifications/NotificationEventManager.js:133:29)
    at EventEmitter.emit (events.js:195:7)
    at EventingService.emit (/usr/share/teams/resources/app.asar/lib/eventingService.js:9:28)
    at SettingsService.compareSettingsData (/usr/share/teams/resources/app.asar/lib/settingsService.js:624:43)
    at SettingsService.processSettingsData (/usr/share/teams/resources/app.asar/lib/settingsService.js:477:18)
    at SettingsService.<anonymous> (/usr/share/teams/resources/app.asar/lib/settingsService.js:422:18)
    at Generator.next (<anonymous>)
    at /usr/share/teams/resources/app.asar/lib/settingsService.js:8:71
    at new Promise (<anonymous>)
    at __awaiter (/usr/share/teams/resources/app.asar/lib/settingsService.js:4:12)
(node:116374) UnhandledPromiseRejectionWarning: Unhandled promise rejection. This error originated either by throwing inside of an async function without a catch block, or by rejecting a promise which was not handled with .catch(). (rejection id: 2)
