VirtualBox XPCOM Server 5.1.16 r113841 linux.amd64 (Mar  9 2017 04:02:54) release log
00:00:00.000314 main     Log opened 2017-03-21T17:04:06.207311000Z
00:00:00.000316 main     Build Type: release
00:00:00.000319 main     OS Product: Linux
00:00:00.000320 main     OS Release: 4.9.13-201.fc25.x86_64
00:00:00.000320 main     OS Version: #1 SMP Tue Mar 7 23:47:11 UTC 2017
00:00:00.000344 main     DMI Product Name: UX330UAK
00:00:00.000350 main     DMI Product Version: 1.0       
00:00:00.000394 main     Host RAM: 7864MB (7.6GB) total, 5605MB (5.4GB) available
00:00:00.000397 main     Executable: /usr/lib64/virtualbox/VBoxSVC
00:00:00.000398 main     Process ID: 10104
00:00:00.000398 main     Package type: LINUX_64BITS_GENERIC (OSE)
00:00:00.001645 main     IPC socket path: /tmp/.vbox-btgrant-ipc/ipcd
00:00:00.105433 nspr-2   VirtualBox: object creation starts
00:00:00.105505 nspr-2   Home directory: '/home/btgrant/.config/VirtualBox'
00:00:00.105997 nspr-2   Loading settings file "/home/btgrant/.config/VirtualBox/VirtualBox.xml" with version "1.12-linux"
00:00:00.114052 nspr-2   NetIfAdpCtlOut: VBoxNetAdpCtl: Error while retrieving link speed for wlp2s0: VBoxNetAdpCtl: ioctl failed: Operation not supported
00:00:00.118980 nspr-2   NAT: resolv.conf: nameserver 192.168.1.1
00:00:00.119001 nspr-2   NAT: resolv.conf: nameserver 192.168.2.1
00:00:00.119018 nspr-2   HostDnsMonitor: old information
00:00:00.119020 nspr-2     no server entries
00:00:00.119022 nspr-2     no domain set
00:00:00.119023 nspr-2     no search string entries
00:00:00.119025 nspr-2   HostDnsMonitor: new information
00:00:00.119026 nspr-2     server 1: 192.168.1.1
00:00:00.119028 nspr-2     server 2: 192.168.2.1
00:00:00.119030 nspr-2     domain: GrantNet
00:00:00.119031 nspr-2     search string 1: GrantNet
00:00:00.119036 nspr-2   HostDnsMonitorProxy::notify
00:00:00.121874 nspr-2   Failed to open "/dev/vboxdrvu", errno=2, rc=VERR_VM_DRIVER_NOT_INSTALLED
00:00:00.122138 nspr-2   VD: VDInit finished
00:00:00.122198 nspr-2   ERROR [COM]: aRC=NS_ERROR_FAILURE (0x80004005) aIID={0eb668d2-495e-5a36-8890-29999b5f030c} aComponent={SystemPropertiesWrap} aText={Cannot determine default Guest Additions ISO location. Most likely they are not available}, preserve=false aResultDetail=0
00:00:00.133784 nspr-2   ERROR [COM]: aRC=NS_ERROR_FAILURE (0x80004005) aIID={b2547866-a0a1-4391-8b86-6952d82efaa0} aComponent={MachineWrap} aText={Runtime error opening '/home/btgrant/VirtualBox VMs/Windows/Windows.vbox' for reading: -102(File not found.).
00:00:00.133791 nspr-2   /builddir/build/BUILD/VirtualBox-5.1.16/src/VBox/Main/src-server/MachineImpl.cpp[745] (nsresult Machine::i_registeredInit())}, preserve=false aResultDetail=0
00:00:00.134054 nspr-2   VirtualBox: object created
00:00:00.239103 nspr-3   ERROR [COM]: aRC=NS_ERROR_FAILURE (0x80004005) aIID={b2547866-a0a1-4391-8b86-6952d82efaa0} aComponent={MachineWrap} aText={Runtime error opening '/home/btgrant/VirtualBox VMs/Windows/Windows.vbox' for reading: -102(File not found.).
00:00:00.239124 nspr-3   /builddir/build/BUILD/VirtualBox-5.1.16/src/VBox/Main/src-server/MachineImpl.cpp[745] (nsresult Machine::i_registeredInit())}, preserve=false aResultDetail=0
00:00:00.240194 nspr-3   ERROR [COM]: aRC=NS_ERROR_FAILURE (0x80004005) aIID={b2547866-a0a1-4391-8b86-6952d82efaa0} aComponent={MachineWrap} aText={Runtime error opening '/home/btgrant/VirtualBox VMs/Windows/Windows.vbox' for reading: -102(File not found.).
00:00:00.240209 nspr-3   /builddir/build/BUILD/VirtualBox-5.1.16/src/VBox/Main/src-server/MachineImpl.cpp[745] (nsresult Machine::i_registeredInit())}, preserve=false aResultDetail=0
00:00:00.242250 nspr-3   ERROR [COM]: aRC=NS_ERROR_FAILURE (0x80004005) aIID={b2547866-a0a1-4391-8b86-6952d82efaa0} aComponent={MachineWrap} aText={Runtime error opening '/home/btgrant/VirtualBox VMs/Windows/Windows.vbox' for reading: -102(File not found.).
00:00:00.242262 nspr-3   /builddir/build/BUILD/VirtualBox-5.1.16/src/VBox/Main/src-server/MachineImpl.cpp[745] (nsresult Machine::i_registeredInit())}, preserve=false aResultDetail=0
00:00:00.247571 nspr-3   ERROR [COM]: aRC=E_ACCESSDENIED (0x80070005) aIID={b2547866-a0a1-4391-8b86-6952d82efaa0} aComponent={MachineWrap} aText={The object functionality is limited}, preserve=false aResultDetail=0
00:00:00.247626 nspr-3   ERROR [COM]: aRC=VBOX_E_OBJECT_NOT_FOUND (0x80bb0001) aIID={0169423f-46b4-cde9-91af-1e9d5b6cd945} aComponent={VirtualBoxWrap} aText={Could not find a registered machine named 'Windows'}, preserve=false aResultDetail=0
00:00:00.289915 nspr-3   ERROR [COM]: aRC=E_ACCESSDENIED (0x80070005) aIID={b2547866-a0a1-4391-8b86-6952d82efaa0} aComponent={MachineWrap} aText={The object functionality is limited}, preserve=false aResultDetail=0
00:00:00.302554 nspr-3   ERROR [COM]: aRC=NS_ERROR_FAILURE (0x80004005) aIID={b2547866-a0a1-4391-8b86-6952d82efaa0} aComponent={MachineWrap} aText={Runtime error opening '/home/btgrant/VirtualBox VMs/Windows/Windows.vbox' for reading: -102(File not found.).
00:00:00.302562 nspr-3   /builddir/build/BUILD/VirtualBox-5.1.16/src/VBox/Main/src-server/MachineImpl.cpp[745] (nsresult Machine::i_registeredInit())}, preserve=false aResultDetail=0
00:00:00.304992 nspr-3   ERROR [COM]: aRC=NS_ERROR_FAILURE (0x80004005) aIID={b2547866-a0a1-4391-8b86-6952d82efaa0} aComponent={MachineWrap} aText={Runtime error opening '/home/btgrant/VirtualBox VMs/Windows/Windows.vbox' for reading: -102(File not found.).
00:00:00.304999 nspr-3   /builddir/build/BUILD/VirtualBox-5.1.16/src/VBox/Main/src-server/MachineImpl.cpp[745] (nsresult Machine::i_registeredInit())}, preserve=false aResultDetail=0
00:00:00.330498 nspr-3   ERROR [COM]: aRC=NS_ERROR_FAILURE (0x80004005) aIID={b2547866-a0a1-4391-8b86-6952d82efaa0} aComponent={MachineWrap} aText={Runtime error opening '/home/btgrant/VirtualBox VMs/Windows/Windows.vbox' for reading: -102(File not found.).
00:00:00.330506 nspr-3   /builddir/build/BUILD/VirtualBox-5.1.16/src/VBox/Main/src-server/MachineImpl.cpp[745] (nsresult Machine::i_registeredInit())}, preserve=false aResultDetail=0
00:00:00.330772 nspr-3   ERROR [COM]: aRC=E_ACCESSDENIED (0x80070005) aIID={b2547866-a0a1-4391-8b86-6952d82efaa0} aComponent={MachineWrap} aText={The object functionality is limited}, preserve=false aResultDetail=0
00:00:00.332886 nspr-3   ERROR [COM]: aRC=E_ACCESSDENIED (0x80070005) aIID={b2547866-a0a1-4391-8b86-6952d82efaa0} aComponent={MachineWrap} aText={The object functionality is limited}, preserve=false aResultDetail=0
00:00:00.333498 nspr-3   ERROR [COM]: aRC=E_ACCESSDENIED (0x80070005) aIID={b2547866-a0a1-4391-8b86-6952d82efaa0} aComponent={MachineWrap} aText={The object functionality is limited}, preserve=false aResultDetail=0
00:00:00.334016 nspr-3   ERROR [COM]: aRC=E_ACCESSDENIED (0x80070005) aIID={b2547866-a0a1-4391-8b86-6952d82efaa0} aComponent={MachineWrap} aText={The object functionality is limited}, preserve=false aResultDetail=0
00:00:00.335568 nspr-3   ERROR [COM]: aRC=NS_ERROR_FAILURE (0x80004005) aIID={b2547866-a0a1-4391-8b86-6952d82efaa0} aComponent={MachineWrap} aText={Runtime error opening '/home/btgrant/VirtualBox VMs/Windows/Windows.vbox' for reading: -102(File not found.).
00:00:00.335575 nspr-3   /builddir/build/BUILD/VirtualBox-5.1.16/src/VBox/Main/src-server/MachineImpl.cpp[745] (nsresult Machine::i_registeredInit())}, preserve=false aResultDetail=0
00:00:00.336418 nspr-3   ERROR [COM]: aRC=NS_ERROR_FAILURE (0x80004005) aIID={b2547866-a0a1-4391-8b86-6952d82efaa0} aComponent={MachineWrap} aText={Runtime error opening '/home/btgrant/VirtualBox VMs/Windows/Windows.vbox' for reading: -102(File not found.).
00:00:00.336425 nspr-3   /builddir/build/BUILD/VirtualBox-5.1.16/src/VBox/Main/src-server/MachineImpl.cpp[745] (nsresult Machine::i_registeredInit())}, preserve=false aResultDetail=0
00:00:00.337438 nspr-3   ERROR [COM]: aRC=NS_ERROR_FAILURE (0x80004005) aIID={b2547866-a0a1-4391-8b86-6952d82efaa0} aComponent={MachineWrap} aText={Runtime error opening '/home/btgrant/VirtualBox VMs/Windows/Windows.vbox' for reading: -102(File not found.).
00:00:00.337446 nspr-3   /builddir/build/BUILD/VirtualBox-5.1.16/src/VBox/Main/src-server/MachineImpl.cpp[745] (nsresult Machine::i_registeredInit())}, preserve=false aResultDetail=0
00:00:00.338289 nspr-3   ERROR [COM]: aRC=NS_ERROR_FAILURE (0x80004005) aIID={b2547866-a0a1-4391-8b86-6952d82efaa0} aComponent={MachineWrap} aText={Runtime error opening '/home/btgrant/VirtualBox VMs/Windows/Windows.vbox' for reading: -102(File not found.).
00:00:00.338295 nspr-3   /builddir/build/BUILD/VirtualBox-5.1.16/src/VBox/Main/src-server/MachineImpl.cpp[745] (nsresult Machine::i_registeredInit())}, preserve=false aResultDetail=0
00:00:00.339732 nspr-3   ERROR [COM]: aRC=NS_ERROR_FAILURE (0x80004005) aIID={b2547866-a0a1-4391-8b86-6952d82efaa0} aComponent={MachineWrap} aText={Runtime error opening '/home/btgrant/VirtualBox VMs/Windows/Windows.vbox' for reading: -102(File not found.).
00:00:00.339740 nspr-3   /builddir/build/BUILD/VirtualBox-5.1.16/src/VBox/Main/src-server/MachineImpl.cpp[745] (nsresult Machine::i_registeredInit())}, preserve=false aResultDetail=0
00:00:00.341679 nspr-3   ERROR [COM]: aRC=NS_ERROR_FAILURE (0x80004005) aIID={b2547866-a0a1-4391-8b86-6952d82efaa0} aComponent={MachineWrap} aText={Runtime error opening '/home/btgrant/VirtualBox VMs/Windows/Windows.vbox' for reading: -102(File not found.).
00:00:00.341687 nspr-3   /builddir/build/BUILD/VirtualBox-5.1.16/src/VBox/Main/src-server/MachineImpl.cpp[745] (nsresult Machine::i_registeredInit())}, preserve=false aResultDetail=0
00:00:06.501141 main     VirtualBox: object deletion starts
00:00:06.638397 Watcher  ERROR [COM]: aRC=E_ACCESSDENIED (0x80070005) aIID={0169423f-46b4-cde9-91af-1e9d5b6cd945} aComponent={VirtualBoxWrap} aText={The object is not ready}, preserve=false aResultDetail=0
00:00:11.502487 main     {00007f072c0165d0} HostPowerServiceLinux::~HostPowerServiceLinux: RTThreadWait() for 5000 ms failed with VERR_TIMEOUT
00:00:11.503501 main     VirtualBox: object deleted
